<?xml version="1.0" encoding="UTF-8"?>
<!-- Generated by org.testng.reporters.JUnitXMLReporter -->
<testsuite ignored="0" hostname="BOOM" failures="0" tests="25" name="Automation Practice Tests" time="161.931" errors="0" timestamp="2026-06-12T23:50:24 IST">
  <testcase classname="testcases.AutomationPracticeTest" name="verifyPageTitle" time="0.026"/>
  <testcase classname="testcases.AutomationPracticeTest" name="verifyNameField" time="0.351"/>
  <testcase classname="testcases.AutomationPracticeTest" name="verifyEmailField" time="0.196"/>
  <testcase classname="testcases.AutomationPracticeTest" name="verifyPhoneField" time="0.172"/>
  <testcase classname="testcases.AutomationPracticeTest" name="verifyAddressField" time="0.163"/>
  <testcase classname="testcases.AutomationPracticeTest" name="verifyMaleRadioButton" time="0.114"/>
  <testcase classname="testcases.AutomationPracticeTest" name="verifyCheckboxes" time="0.559"/>
  <testcase classname="testcases.AutomationPracticeTest" name="verifyCountryDropdown" time="0.142"/>
  <testcase classname="testcases.AutomationPracticeTest" name="verifyColorDropdown" time="0.169"/>
  <testcase classname="testcases.AutomationPracticeTest" name="verifyAnimalDropdown" time="2.87"/>
  <testcase classname="testcases.AutomationPracticeTest" name="verifyDatePicker" time="0.199"/>
  <testcase classname="testcases.AutomationPracticeTest" name="verifySingleFileUpload" time="0.0"/>
  <testcase classname="testcases.AutomationPracticeTest" name="verifyMultipleFileUpload" time="0.0"/>
  <testcase classname="testcases.AutomationPracticeTest" name="verifySearchFunctionality" time="0.275"/>
  <testcase classname="testcases.AutomationPracticeTest" name="verifySimpleAlert" time="0.109"/>
  <testcase classname="testcases.AutomationPracticeTest" name="verifyConfirmAlert" time="0.117"/>
  <testcase classname="testcases.AutomationPracticeTest" name="verifyPromptAlert" time="0.105"/>
  <testcase classname="testcases.AutomationPracticeTest" name="verifyWindowHandling" time="0.229"/>
  <testcase classname="testcases.AutomationPracticeTest" name="verifyPopupWindowHandling" time="0.455"/>
  <testcase classname="testcases.AutomationPracticeTest" name="verifyMouseHover" time="0.175"/>
  <testcase classname="testcases.AutomationPracticeTest" name="verifyDoubleClick" time="0.188"/>
  <testcase classname="testcases.AutomationPracticeTest" name="verifyDragAndDrop" time="0.319"/>
  <testcase classname="testcases.AutomationPracticeTest" name="verifySlider" time="0.84"/>
  <testcase classname="testcases.AutomationPracticeTest" name="verifyTableRows" time="0.02"/>
  <testcase classname="testcases.AutomationPracticeTest" name="verifyBrokenLinks" time="24.167"/>
</testsuite> <!-- Automation Practice Tests -->
