<?xml version="1.0" encoding="UTF-8"?>
<!-- Generated by org.testng.reporters.JUnitReportReporter -->
<testsuite hostname="BOOM" failures="0" tests="25" name="testcases.AutomationPracticeTest" time="161.754" errors="0" timestamp="2026-06-12T23:50:24 IST" skipped="0">
  <testcase classname="testcases.AutomationPracticeTest" name="verifyPageTitle" time="4.706"/>
  <testcase classname="testcases.AutomationPracticeTest" name="verifyNameField" time="4.923"/>
  <testcase classname="testcases.AutomationPracticeTest" name="verifyEmailField" time="4.720"/>
  <testcase classname="testcases.AutomationPracticeTest" name="verifyPhoneField" time="4.939"/>
  <testcase classname="testcases.AutomationPracticeTest" name="verifyAddressField" time="10.954"/>
  <testcase classname="testcases.AutomationPracticeTest" name="verifyMaleRadioButton" time="4.872"/>
  <testcase classname="testcases.AutomationPracticeTest" name="verifyCheckboxes" time="6.428"/>
  <testcase classname="testcases.AutomationPracticeTest" name="verifyCountryDropdown" time="5.664"/>
  <testcase classname="testcases.AutomationPracticeTest" name="verifyColorDropdown" time="5.822"/>
  <testcase classname="testcases.AutomationPracticeTest" name="verifyAnimalDropdown" time="7.454"/>
  <testcase classname="testcases.AutomationPracticeTest" name="verifyDatePicker" time="4.986"/>
  <testcase classname="testcases.AutomationPracticeTest" name="verifySingleFileUpload" time="6.041"/>
  <testcase classname="testcases.AutomationPracticeTest" name="verifyMultipleFileUpload" time="4.422"/>
  <testcase classname="testcases.AutomationPracticeTest" name="verifySearchFunctionality" time="4.890"/>
  <testcase classname="testcases.AutomationPracticeTest" name="verifySimpleAlert" time="4.798"/>
  <testcase classname="testcases.AutomationPracticeTest" name="verifyConfirmAlert" time="4.765"/>
  <testcase classname="testcases.AutomationPracticeTest" name="verifyPromptAlert" time="5.258"/>
  <testcase classname="testcases.AutomationPracticeTest" name="verifyWindowHandling" time="4.846"/>
  <testcase classname="testcases.AutomationPracticeTest" name="verifyPopupWindowHandling" time="2.271"/>
  <testcase classname="testcases.AutomationPracticeTest" name="verifyMouseHover" time="9.385"/>
  <testcase classname="testcases.AutomationPracticeTest" name="verifyDoubleClick" time="4.767"/>
  <testcase classname="testcases.AutomationPracticeTest" name="verifyDragAndDrop" time="4.814"/>
  <testcase classname="testcases.AutomationPracticeTest" name="verifySlider" time="6.287"/>
  <testcase classname="testcases.AutomationPracticeTest" name="verifyTableRows" time="4.669"/>
  <testcase classname="testcases.AutomationPracticeTest" name="verifyBrokenLinks" time="29.073"/>
</testsuite> <!-- testcases.AutomationPracticeTest -->
